vacuum/Cryo/CryoVac 1.692e-07 1.85e-07 6.34783e-10 20002
vacuum/Cryo/TurboVac 0.03919 0.07315 65.648 20000
vacuum/Cryo/ForelineVac 0.0366 0.06955 58.6015 20003
vacuum/Cryo/PumpCartPressure 0.00075 0.000775 0.0112501 20000
vacuum/Cryo/TurboSpeed 0 0 0 20000
vacuum/Cryo/TurboCurrent 0 0 0 20000
vacuum/Cryo/TurboVoltage 0 0 0 20000
vacuum/Cryo/TurboPower 0 0 0 20000
vacuum/Cryo/TurboPumpTemp 15 15 4500000 20000
vacuum/Cryo/FlineVoltage 0.475 0.475 4512.27 19999
vacuum/Cryo/FlineCurrent 0 0 0 19999
vacuum/Cryo/FlinePower 0 0 0 19999
vacuum/Cryo/AirPressure 80.47717 80.96929 1.30032e+08 20000
vacuum/Cryo/CIP1_V -0.1108646 1.736641 6672.1 20000
vacuum/Cryo/CIP1_I -0.003095627 0.0008411407 0.183196 20000
vacuum/Cryo/CIP1_Usage 1.772317e-07 1.772317e-07 6.28222e-10 20000
'iso-8601 1000000000000000042420637374017961984 -1000000000000000042420637374017961984 0 0
vacuum/Cryo/CIP2_V 5994.091 5994.241 7.18599e+11 20000
vacuum/Cryo/CIP2_I 0.04490089 0.05265427 47.0015 20000
vacuum/Cryo/CIP2_Usage 1.351715e-05 2.341176e-05 7.01647e-06 20000
vacuum/Cryo/CIP2_Life 202406.7 221503.8 8.86632e+14 20000
vacuum/Cryo/CIP3_V 5982.814 5982.972 7.15898e+11 20000
vacuum/Cryo/CIP3_I 0.04719734 0.05651093 52.7559 20000
vacuum/Cryo/CIP3_Usage 1.349629e-05 2.339091e-05 7.00103e-06 20000
vacuum/Cryo/CIP3_Life 202406.9 221503.9 8.86632e+14 20000
vacuum/Cryo/CIP4_V 5991.903 5992.061 7.18074e+11 20000
vacuum/Cryo/CIP4_I 0.05833817 0.06637383 76.6528 20000
vacuum/Cryo/CIP4_Usage 1.350378e-05 2.339839e-05 7.00657e-06 20000
vacuum/Cryo/CIP4_Life 202406.8 221503.9 8.86633e+14 20000
vacuum/Cryo/CIP5_V 5999.999 5999.999 7.2e+11 20000
vacuum/Cryo/CIP5_I 0.04877663 0.06275368 54.2211 20000
vacuum/Cryo/CIP5_Usage 1.344316e-05 2.333777e-05 6.96179e-06 20000
vacuum/Cryo/CIP5_Life 202407.1 221504.2 886636142340404 20000
vacuum/Cryo/CIP6_V 5989.775 5989.938 7.17566e+11 20000
vacuum/Cryo/CIP6_I 0.06526947 0.07460594 94.9052 20000
vacuum/Cryo/CIP6_Usage 1.353935e-05 2.343396e-05 7.03291e-06 20000
vacuum/Cryo/CIP6_Life 202406.6 221503.7 8.86633e+14 20000
vacuum/HX/HexVac 1.5e-08 1.7e-08 5.12274e-12 20001
vacuum/HX/TurboVac 0.04761 0.09457 106.456 20002
vacuum/HX/ForelineVac 0.04428 0.08973 94.6225 20000
vacuum/HX/PumpCartPressure 0.00075 0.000775 0.0112501 20000
vacuum/HX/TurboSpeed 0 0 0 20000
vacuum/HX/TurboCurrent 0 0 0 20000
vacuum/HX/TurboVoltage 0 0 0 20000
vacuum/HX/TurboPower 0 0 0 20000
vacuum/HX/TurboPumpTemp 18 19 7104227 20000
vacuum/HX/FlineVoltage 0.45 0.45 4049.8 19999
vacuum/HX/FlineCurrent 0 6.25 26093.8 19999
vacuum/HX/FlinePower 0 0.0028125 0.00528398 19999
vacuum/HX/AirPressure 80.47717 80.96929 1.30031e+08 20000
vacuum/HX/HIP1_V 5990.278 5990.407 7.17684e+11 20000
vacuum/HX/HIP1_I 0.02420235 0.02785873 13.3002 20000
vacuum/HX/HIP1_Usage 2.932407e-06 3.821478e-06 2.29403e-07 20000
vacuum/HX/HIP1_Life 2205674 2499764 109789968049473952 20001
vacuum/HX/HIP2_V 5999.999 5999.999 7.2e+11 20000
vacuum/HX/HIP2_I 0.02348518 0.025774 12.1773 20000
vacuum/HX/HIP2_Usage 2.246431e-06 3.135503e-06 1.46152e-07 20000
vacuum/HX/HIP2_Life 2205714 2499810 109793985089626192 20001
vacuum/Inst/InstVac 0.8831 0.8906 15725.4 20001
vacuum/Inst/FlineVoltage 0.275 0.275 1512.42 19999
vacuum/Inst/FlineCurrent 0 0 0 19999
vacuum/Inst/FlinePower 0 0 0 19999
vacuum/Inst/PumpCartPressure 0.00075 0.00075 0.01125 20000
vacuum/Inst/PumpCartTemperature 29 33 17287130 20001
vacuum/Inst/PumpCartCycling 1 1 20001 20001
vacuum/Inst/PumpCartVenting 0 0 0 20000
vacuum/Inst/CryoFlineValveState 8 8 12799872 199998
vacuum/Inst/HxFlineValveState 8 8 12799872 199998
